- Broken pipe from ('192.168.0.100', 46226)
- Broken pipe from ('192.168.0.100', 44922)
- Broken pipe from ('192.168.0.100', 37070)
- Broken pipe from ('192.168.0.100', 48842)
"GET / HTTP/1.1" 200 5788
"GET /locations/ HTTP/1.1" 200 47857
"GET /soshistory/ HTTP/1.1" 200 14156
"GET /users/ HTTP/1.1" 200 265
"GET /users/ HTTP/1.1" 200 265
"GET /users/22a288a141e10eed44c7ea6af747f996f7af5eff/groups/ HTTP/1.1" 200 261
"GET /image/get/IMG_20240616_003242.jpg/ HTTP/1.1" 200 36582
"GET /users/22a288a141e10eed44c7ea6af747f996f7af5eff/ HTTP/1.1" 200 213
"GET /image/get/image_cropper_1719258258828.jpg/ HTTP/1.1" 200 88297
"GET /soshistory/ HTTP/1.1" 200 1682
"GET /users/22a288a141e10eed44c7ea6af747f996f7af5eff/ HTTP/1.1" 200 213
"GET /soshistory/ HTTP/1.1" 200 1682
"GET /soshistory/ HTTP/1.1" 200 1682
"GET /users/22a288a141e10eed44c7ea6af747f996f7af5eff/ HTTP/1.1" 200 213
"GET /soshistory/ HTTP/1.1" 200 1682
"GET /users/22a288a141e10eed44c7ea6af747f996f7af5eff/ HTTP/1.1" 200 213
"GET /soshistory/ HTTP/1.1" 200 1682
"GET /soshistory/ HTTP/1.1" 200 1682
"GET /users/22a288a141e10eed44c7ea6af747f996f7af5eff/ HTTP/1.1" 200 213
"GET /users/22a288a141e10eed44c7ea6af747f996f7af5eff/ HTTP/1.1" 200 213
"GET /soshistory/ HTTP/1.1" 200 1682
"GET /soshistory/ HTTP/1.1" 200 1682
"GET /users/22a288a141e10eed44c7ea6af747f996f7af5eff/ HTTP/1.1" 200 213
"GET /soshistory/ HTTP/1.1" 200 1682
"GET /users/22a288a141e10eed44c7ea6af747f996f7af5eff/ HTTP/1.1" 200 213
"GET /soshistory/ HTTP/1.1" 200 1682
"GET /users/22a288a141e10eed44c7ea6af747f996f7af5eff/ HTTP/1.1" 200 213
"GET /users/22a288a141e10eed44c7ea6af747f996f7af5eff/ HTTP/1.1" 200 213
"GET /soshistory/ HTTP/1.1" 200 1682
"GET /soshistory/ HTTP/1.1" 200 1682
"GET /users/22a288a141e10eed44c7ea6af747f996f7af5eff/ HTTP/1.1" 200 213
"GET /users/22a288a141e10eed44c7ea6af747f996f7af5eff/ HTTP/1.1" 200 213
"GET /soshistory/ HTTP/1.1" 200 1682
"GET /soshistory/22a288a141e10eed44c7ea6af747f996f7af5eff/ HTTP/1.1" 200 1630
"GET /soshistory/ HTTP/1.1" 200 1682
"GET /soshistory/22a288a141e10eed44c7ea6af747f996f7af5eff/ HTTP/1.1" 200 1630
"GET /users/22a288a141e10eed44c7ea6af747f996f7af5eff/ HTTP/1.1" 200 213
"GET /soshistory/22a288a141e10eed44c7ea6af747f996f7af5eff HTTP/1.1" 301 0
"GET /soshistory/22a288a141e10eed44c7ea6af747f996f7af5eff/ HTTP/1.1" 200 18216
"GET /users/22a288a141e10eed44c7ea6af747f996f7af5eff/ HTTP/1.1" 200 213
"GET /soshistory/22a288a141e10eed44c7ea6af747f996f7af5eff/ HTTP/1.1" 200 1630
"GET /soshistory/ HTTP/1.1" 200 1682
"GET /users/22a288a141e10eed44c7ea6af747f996f7af5eff/ HTTP/1.1" 200 213
"GET /soshistory/22a288a141e10eed44c7ea6af747f996f7af5eff/ HTTP/1.1" 200 1630
"GET /soshistory/ HTTP/1.1" 200 1682
"GET /soshistory/22a288a141e10eed44c7ea6af747f996f7af5eff/ HTTP/1.1" 200 1630
"GET /soshistory/ HTTP/1.1" 200 1682
"GET /users/22a288a141e10eed44c7ea6af747f996f7af5eff/ HTTP/1.1" 200 213
"GET /soshistory/22a288a141e10eed44c7ea6af747f996f7af5eff/ HTTP/1.1" 200 1630
"GET /soshistory/ HTTP/1.1" 200 1682
"GET /users/22a288a141e10eed44c7ea6af747f996f7af5eff/ HTTP/1.1" 200 213
"GET /users/22a288a141e10eed44c7ea6af747f996f7af5eff/ HTTP/1.1" 200 213
"GET /soshistory/22a288a141e10eed44c7ea6af747f996f7af5eff/ HTTP/1.1" 200 1630
"GET /soshistory/ HTTP/1.1" 200 1682
"GET /soshistory/22a288a141e10eed44c7ea6af747f996f7af5eff/ HTTP/1.1" 200 1630
"GET /soshistory/ HTTP/1.1" 200 1682
"GET /users/22a288a141e10eed44c7ea6af747f996f7af5eff/ HTTP/1.1" 200 213
"GET /users/22a288a141e10eed44c7ea6af747f996f7af5eff/ HTTP/1.1" 200 213
"GET /soshistory/22a288a141e10eed44c7ea6af747f996f7af5eff/ HTTP/1.1" 200 1630
"GET /soshistory/ HTTP/1.1" 200 1682
"GET /soshistory/22a288a141e10eed44c7ea6af747f996f7af5eff/ HTTP/1.1" 200 1630
"GET /users/22a288a141e10eed44c7ea6af747f996f7af5eff/ HTTP/1.1" 200 213
"GET /soshistory/ HTTP/1.1" 200 1682
"GET /soshistory/22a288a141e10eed44c7ea6af747f996f7af5eff/ HTTP/1.1" 200 1630
"GET /users/22a288a141e10eed44c7ea6af747f996f7af5eff/ HTTP/1.1" 200 213
"GET /soshistory/ HTTP/1.1" 200 1682
"GET /users/22a288a141e10eed44c7ea6af747f996f7af5eff/ HTTP/1.1" 200 213
"GET /soshistory/22a288a141e10eed44c7ea6af747f996f7af5eff/ HTTP/1.1" 200 1630
"GET /soshistory/ HTTP/1.1" 200 1682
"GET /users/22a288a141e10eed44c7ea6af747f996f7af5eff/ HTTP/1.1" 200 213
"GET /soshistory/ HTTP/1.1" 200 1682
"GET /soshistory/22a288a141e10eed44c7ea6af747f996f7af5eff/ HTTP/1.1" 200 1630
"GET /users/22a288a141e10eed44c7ea6af747f996f7af5eff/ HTTP/1.1" 200 213
"GET /soshistory/22a288a141e10eed44c7ea6af747f996f7af5eff/ HTTP/1.1" 200 1630
"GET /soshistory/ HTTP/1.1" 200 1682
"GET /soshistory/22a288a141e10eed44c7ea6af747f996f7af5eff/ HTTP/1.1" 200 1630
"GET /users/22a288a141e10eed44c7ea6af747f996f7af5eff/ HTTP/1.1" 200 213
"GET /soshistory/ HTTP/1.1" 200 1682
"GET /users/22a288a141e10eed44c7ea6af747f996f7af5eff/ HTTP/1.1" 200 213
"GET /soshistory/ HTTP/1.1" 200 1682
"GET /soshistory/22a288a141e10eed44c7ea6af747f996f7af5eff/ HTTP/1.1" 200 1630
"GET /users/22a288a141e10eed44c7ea6af747f996f7af5eff/ HTTP/1.1" 200 213
"GET /soshistory/22a288a141e10eed44c7ea6af747f996f7af5eff/ HTTP/1.1" 200 1630
"GET /soshistory/ HTTP/1.1" 200 1682
"GET /soshistory/22a288a141e10eed44c7ea6af747f996f7af5eff/ HTTP/1.1" 200 1630
"GET /soshistory/22a288a141e10eed44c7ea6af747f996f7af5eff/ HTTP/1.1" 200 1630
"GET /soshistory/ HTTP/1.1" 200 1682
"GET /users/22a288a141e10eed44c7ea6af747f996f7af5eff/ HTTP/1.1" 200 213
"GET /soshistory/22a288a141e10eed44c7ea6af747f996f7af5eff/ HTTP/1.1" 200 1630
"GET /soshistory/ HTTP/1.1" 200 1682
"GET /users/22a288a141e10eed44c7ea6af747f996f7af5eff/ HTTP/1.1" 200 213
"GET /soshistory/ HTTP/1.1" 200 1682
"GET /users/22a288a141e10eed44c7ea6af747f996f7af5eff/ HTTP/1.1" 200 213
"GET /soshistory/22a288a141e10eed44c7ea6af747f996f7af5eff/ HTTP/1.1" 200 1630
"GET /soshistory/22a288a141e10eed44c7ea6af747f996f7af5eff/ HTTP/1.1" 200 1630
"GET /users/22a288a141e10eed44c7ea6af747f996f7af5eff/ HTTP/1.1" 200 213
"GET /soshistory/22a288a141e10eed44c7ea6af747f996f7af5eff/ HTTP/1.1" 200 1630
"GET /soshistory/ HTTP/1.1" 200 1682
"GET /soshistory/ HTTP/1.1" 200 1682
"GET /soshistory/22a288a141e10eed44c7ea6af747f996f7af5eff/ HTTP/1.1" 200 1630
"GET /soshistory/ HTTP/1.1" 200 1682
"GET /users/22a288a141e10eed44c7ea6af747f996f7af5eff/ HTTP/1.1" 200 213
"GET /soshistory/ HTTP/1.1" 200 1682
"GET /users/22a288a141e10eed44c7ea6af747f996f7af5eff/ HTTP/1.1" 200 213
"GET /users/22a288a141e10eed44c7ea6af747f996f7af5eff/ HTTP/1.1" 200 213
"GET /soshistory/ HTTP/1.1" 200 1682
"GET /soshistory/ HTTP/1.1" 200 1682
"GET /soshistory/ HTTP/1.1" 200 1682
"GET /soshistory/ HTTP/1.1" 200 1682
"GET /soshistory/ HTTP/1.1" 200 1682
"GET /soshistory/ HTTP/1.1" 200 1682
"GET /soshistory/ HTTP/1.1" 200 1682
"GET /users/22a288a141e10eed44c7ea6af747f996f7af5eff/ HTTP/1.1" 200 213
"GET /users/22a288a141e10eed44c7ea6af747f996f7af5eff/ HTTP/1.1" 200 213
"GET /soshistory/ HTTP/1.1" 200 1682
"GET /users/22a288a141e10eed44c7ea6af747f996f7af5eff/ HTTP/1.1" 200 213
"GET /soshistory/ HTTP/1.1" 200 1682
"GET /soshistory/ HTTP/1.1" 200 1682
"GET /users/ HTTP/1.1" 200 265
"GET /users/22a288a141e10eed44c7ea6af747f996f7af5eff/ HTTP/1.1" 200 213
"GET /image/get/image_cropper_1719258258828.jpg/ HTTP/1.1" 200 88297
"GET /soshistory/ HTTP/1.1" 200 14156
"GET /users/ HTTP/1.1" 200 265
"GET /users/22a288a141e10eed44c7ea6af747f996f7af5eff/ HTTP/1.1" 200 213
"GET /image/get/image_cropper_1719258258828.jpg/ HTTP/1.1" 200 88297
"GET /soshistory/ HTTP/1.1" 200 1682
"GET /users/22a288a141e10eed44c7ea6af747f996f7af5eff/ HTTP/1.1" 200 213
"GET /users/22a288a141e10eed44c7ea6af747f996f7af5eff/ HTTP/1.1" 200 213
"GET /soshistory/22a288a141e10eed44c7ea6af747f996f7af5eff/ HTTP/1.1" 200 1630
"GET /soshistory/ HTTP/1.1" 200 1682
"GET /soshistory/22a288a141e10eed44c7ea6af747f996f7af5eff/ HTTP/1.1" 200 1630
"GET /soshistory/ HTTP/1.1" 200 1682
"GET /users/22a288a141e10eed44c7ea6af747f996f7af5eff/ HTTP/1.1" 200 213
"GET /soshistory/22a288a141e10eed44c7ea6af747f996f7af5eff/ HTTP/1.1" 200 1630
"GET /users/22a288a141e10eed44c7ea6af747f996f7af5eff/ HTTP/1.1" 200 213
"GET /soshistory/ HTTP/1.1" 200 14156
"GET /soshistory/22a288a141e10eed44c7ea6af747f996f7af5eff/ HTTP/1.1" 200 1630
"GET /users/22a288a141e10eed44c7ea6af747f996f7af5eff/ HTTP/1.1" 200 213
"GET /soshistory/22a288a141e10eed44c7ea6af747f996f7af5eff/ HTTP/1.1" 200 1630
"GET /users/22a288a141e10eed44c7ea6af747f996f7af5eff/ HTTP/1.1" 200 213
"GET /soshistory/22a288a141e10eed44c7ea6af747f996f7af5eff/ HTTP/1.1" 200 1630
"GET /users/ HTTP/1.1" 200 265
"GET /users/22a288a141e10eed44c7ea6af747f996f7af5eff/ HTTP/1.1" 200 213
"GET /image/get/image_cropper_1719258258828.jpg/ HTTP/1.1" 200 88297
"GET /soshistory/ HTTP/1.1" 200 1682
"GET /soshistory/ HTTP/1.1" 200 1682
"GET /users/22a288a141e10eed44c7ea6af747f996f7af5eff/ HTTP/1.1" 200 213
"GET /soshistory/ HTTP/1.1" 200 1682
"GET /users/22a288a141e10eed44c7ea6af747f996f7af5eff/ HTTP/1.1" 200 213
"GET /soshistory/ HTTP/1.1" 200 1682
"GET /soshistory/22a288a141e10eed44c7ea6af747f996f7af5eff/ HTTP/1.1" 200 1630
"GET /users/22a288a141e10eed44c7ea6af747f996f7af5eff/ HTTP/1.1" 200 213
"GET /soshistory/ HTTP/1.1" 200 1682
